{
  "ids": [
    "6228302",
    "74367851",
    "1134115783158583297",
    "7159752",
    "1397128127017586690",
    "29364787",
    "1087790713834737664",
    "929930489032355840",
    "1392608374395658241",
    "1206183635814174725",
    "1419032054147203078",
    "1227148724557598720",
    "2363695704",
    "1168367796528517120",
    "138554094",
    "979515001",
    "373596696",
    "327034465",
    "7380362",
    "3840",
    "790889079038578690",
    "41675415",
    "17744075",
    "739862016114954240",
    "186420551",
    "676573",
    "1148031014",
    "37504228",
    "1844017390092271616",
    "1846639178911727616",
    "1001879243322724357",
    "108172903",
    "2438767100",
    "1053259404928258048",
    "25945815",
    "1272541278593564672",
    "57797169",
    "409827799",
    "4915133104",
    "349347318",
    "2170977103",
    "1070709033869414400",
    "843586794155196416",
    "831612266",
    "1903420135689396224",
    "560204987",
    "803254219428032513",
    "982955608386293761",
    "221838349",
    "1566851334283870210",
    "987702276734246913",
    "29239591",
    "34799361",
    "294008861",
    "22177866",
    "559138467",
    "1857064336864206848",
    "3331777966",
    "1538464970803146753",
    "1950203771931463680",
    "1475632283873083394",
    "230209403",
    "925458862840401927",
    "18233920",
    "1500427684484112384",
    "2799949603",
    "1458818877052182528",
    "306044789",
    "182010472",
    "23113993",
    "281013681",
    "1585363525102362624",
    "913527939177652224",
    "1155577928434049026",
    "1589334828704571394",
    "713243130326220800",
    "749757696031727616",
    "1489220291725303815",
    "118374133",
    "1833204245325352965",
    "1861254845258440707",
    "9840502",
    "1178367350552305665",
    "78988179",
    "14393120",
    "505835394",
    "1879586307187355649",
    "367162886",
    "2432123072",
    "47636428",
    "1870365063787302912",
    "1941900223",
    "14684842",
    "1501606045025980416",
    "950842803843665920",
    "1550890076560732161",
    "1526902556491800576",
    "15732699",
    "11408752",
    "1731125943194779648"
  ],
  "next_cursor": "1833387907079503757",
  "next_cursor_str": "1833387907079503757",
  "previous_cursor": "0",
  "previous_cursor_str": "0",
  "total_count": null
}